[0.695s] Invoking command in '/home/ninjaladro/ros/src/my_controller': PYTHONPATH=/home/ninjaladro/ros/install/my_controller/lib/python3.10/site-packages:${PYTHONPATH} /usr/bin/python3 setup.py egg_info --egg-base ../../build/my_controller build --build-base /home/ninjaladro/ros/build/my_controller/build install --prefix /home/ninjaladro/ros/install/my_controller --record /home/ninjaladro/ros/build/my_controller/install.log --single-version-externally-managed
[0.939s] running egg_info
[0.941s] writing ../../build/my_controller/my_controller.egg-info/PKG-INFO
[0.941s] writing dependency_links to ../../build/my_controller/my_controller.egg-info/dependency_links.txt
[0.941s] writing entry points to ../../build/my_controller/my_controller.egg-info/entry_points.txt
[0.941s] writing requirements to ../../build/my_controller/my_controller.egg-info/requires.txt
[0.941s] writing top-level names to ../../build/my_controller/my_controller.egg-info/top_level.txt
[0.943s] reading manifest file '../../build/my_controller/my_controller.egg-info/SOURCES.txt'
[0.944s] writing manifest file '../../build/my_controller/my_controller.egg-info/SOURCES.txt'
[0.944s] running build
[0.944s] running build_py
[0.944s] running install
[0.945s] /usr/lib/python3/dist-packages/setuptools/command/install.py:34: SetuptoolsDeprecationWarning: setup.py install is deprecated. Use build and pip and other standards-based tools.
[0.945s]   warnings.warn(
[0.945s] running install_lib
[0.946s] running install_data
[0.946s] running install_egg_info
[0.948s] removing '/home/ninjaladro/ros/install/my_controller/lib/python3.10/site-packages/my_controller-0.0.0-py3.10.egg-info' (and everything under it)
[0.949s] Copying ../../build/my_controller/my_controller.egg-info to /home/ninjaladro/ros/install/my_controller/lib/python3.10/site-packages/my_controller-0.0.0-py3.10.egg-info
[0.950s] running install_scripts
[0.976s] Installing drawCircle script to /home/ninjaladro/ros/install/my_controller/lib/my_controller
[0.976s] Installing pose_sub script to /home/ninjaladro/ros/install/my_controller/lib/my_controller
[0.976s] Installing test_node script to /home/ninjaladro/ros/install/my_controller/lib/my_controller
[0.976s] Installing turtle_controller script to /home/ninjaladro/ros/install/my_controller/lib/my_controller
[0.976s] writing list of installed files to '/home/ninjaladro/ros/build/my_controller/install.log'
[1.014s] Invoked command in '/home/ninjaladro/ros/src/my_controller' returned '0': PYTHONPATH=/home/ninjaladro/ros/install/my_controller/lib/python3.10/site-packages:${PYTHONPATH} /usr/bin/python3 setup.py egg_info --egg-base ../../build/my_controller build --build-base /home/ninjaladro/ros/build/my_controller/build install --prefix /home/ninjaladro/ros/install/my_controller --record /home/ninjaladro/ros/build/my_controller/install.log --single-version-externally-managed
