[1.258s] Invoking command in '/home/ninjaladro/ros/src/my_controller': PYTHONPATH=/home/ninjaladro/ros/install/my_controller/lib/python3.10/site-packages:${PYTHONPATH} /usr/bin/python3 setup.py egg_info --egg-base ../../build/my_controller build --build-base /home/ninjaladro/ros/build/my_controller/build install --prefix /home/ninjaladro/ros/install/my_controller --record /home/ninjaladro/ros/build/my_controller/install.log --single-version-externally-managed
[1.733s] running egg_info
[1.735s] writing ../../build/my_controller/my_controller.egg-info/PKG-INFO
[1.735s] writing dependency_links to ../../build/my_controller/my_controller.egg-info/dependency_links.txt
[1.736s] writing entry points to ../../build/my_controller/my_controller.egg-info/entry_points.txt
[1.736s] writing requirements to ../../build/my_controller/my_controller.egg-info/requires.txt
[1.736s] writing top-level names to ../../build/my_controller/my_controller.egg-info/top_level.txt
[1.739s] reading manifest file '../../build/my_controller/my_controller.egg-info/SOURCES.txt'
[1.741s] writing manifest file '../../build/my_controller/my_controller.egg-info/SOURCES.txt'
[1.742s] running build
[1.742s] running build_py
[1.742s] copying my_controller/pose_subscriber.py -> /home/ninjaladro/ros/build/my_controller/build/lib/my_controller
[1.742s] running install
[1.742s] /usr/lib/python3/dist-packages/setuptools/command/install.py:34: SetuptoolsDeprecationWarning: setup.py install is deprecated. Use build and pip and other standards-based tools.
[1.743s]   warnings.warn(
[1.743s] running install_lib
[1.745s] copying /home/ninjaladro/ros/build/my_controller/build/lib/my_controller/pose_subscriber.py -> /home/ninjaladro/ros/install/my_controller/lib/python3.10/site-packages/my_controller
[1.746s] byte-compiling /home/ninjaladro/ros/install/my_controller/lib/python3.10/site-packages/my_controller/pose_subscriber.py to pose_subscriber.cpython-310.pyc
[1.747s] running install_data
[1.748s] running install_egg_info
[1.751s] removing '/home/ninjaladro/ros/install/my_controller/lib/python3.10/site-packages/my_controller-0.0.0-py3.10.egg-info' (and everything under it)
[1.751s] Copying ../../build/my_controller/my_controller.egg-info to /home/ninjaladro/ros/install/my_controller/lib/python3.10/site-packages/my_controller-0.0.0-py3.10.egg-info
[1.752s] running install_scripts
[1.795s] Installing drawCircle script to /home/ninjaladro/ros/install/my_controller/lib/my_controller
[1.796s] Installing pose_sub script to /home/ninjaladro/ros/install/my_controller/lib/my_controller
[1.797s] Installing test_node script to /home/ninjaladro/ros/install/my_controller/lib/my_controller
[1.797s] writing list of installed files to '/home/ninjaladro/ros/build/my_controller/install.log'
[1.856s] Invoked command in '/home/ninjaladro/ros/src/my_controller' returned '0': PYTHONPATH=/home/ninjaladro/ros/install/my_controller/lib/python3.10/site-packages:${PYTHONPATH} /usr/bin/python3 setup.py egg_info --egg-base ../../build/my_controller build --build-base /home/ninjaladro/ros/build/my_controller/build install --prefix /home/ninjaladro/ros/install/my_controller --record /home/ninjaladro/ros/build/my_controller/install.log --single-version-externally-managed
