[1.237s] Invoking command in '/home/ninjaladro/ros/src/my_controller': PYTHONPATH=/home/ninjaladro/ros/install/my_controller/lib/python3.10/site-packages:${PYTHONPATH} /usr/bin/python3 setup.py egg_info --egg-base ../../build/my_controller build --build-base /home/ninjaladro/ros/build/my_controller/build install --prefix /home/ninjaladro/ros/install/my_controller --record /home/ninjaladro/ros/build/my_controller/install.log --single-version-externally-managed
[1.691s] running egg_info
[1.692s] writing ../../build/my_controller/my_controller.egg-info/PKG-INFO
[1.692s] writing dependency_links to ../../build/my_controller/my_controller.egg-info/dependency_links.txt
[1.693s] writing entry points to ../../build/my_controller/my_controller.egg-info/entry_points.txt
[1.693s] writing requirements to ../../build/my_controller/my_controller.egg-info/requires.txt
[1.693s] writing top-level names to ../../build/my_controller/my_controller.egg-info/top_level.txt
[1.698s] reading manifest file '../../build/my_controller/my_controller.egg-info/SOURCES.txt'
[1.700s] writing manifest file '../../build/my_controller/my_controller.egg-info/SOURCES.txt'
[1.700s] running build
[1.700s] running build_py
[1.700s] copying my_controller/draw_circle.py -> /home/ninjaladro/ros/build/my_controller/build/lib/my_controller
[1.700s] copying my_controller/pose_subscriber.py -> /home/ninjaladro/ros/build/my_controller/build/lib/my_controller
[1.701s] running install
[1.701s] /usr/lib/python3/dist-packages/setuptools/command/install.py:34: SetuptoolsDeprecationWarning: setup.py install is deprecated. Use build and pip and other standards-based tools.
[1.701s]   warnings.warn(
[1.702s] running install_lib
[1.703s] copying /home/ninjaladro/ros/build/my_controller/build/lib/my_controller/draw_circle.py -> /home/ninjaladro/ros/install/my_controller/lib/python3.10/site-packages/my_controller
[1.703s] copying /home/ninjaladro/ros/build/my_controller/build/lib/my_controller/pose_subscriber.py -> /home/ninjaladro/ros/install/my_controller/lib/python3.10/site-packages/my_controller
[1.704s] byte-compiling /home/ninjaladro/ros/install/my_controller/lib/python3.10/site-packages/my_controller/draw_circle.py to draw_circle.cpython-310.pyc
[1.704s] byte-compiling /home/ninjaladro/ros/install/my_controller/lib/python3.10/site-packages/my_controller/pose_subscriber.py to pose_subscriber.cpython-310.pyc
[1.705s] running install_data
[1.706s] copying package.xml -> /home/ninjaladro/ros/install/my_controller/share/my_controller
[1.706s] running install_egg_info
[1.709s] removing '/home/ninjaladro/ros/install/my_controller/lib/python3.10/site-packages/my_controller-0.0.0-py3.10.egg-info' (and everything under it)
[1.709s] Copying ../../build/my_controller/my_controller.egg-info to /home/ninjaladro/ros/install/my_controller/lib/python3.10/site-packages/my_controller-0.0.0-py3.10.egg-info
[1.710s] running install_scripts
[1.749s] Installing drawCircle script to /home/ninjaladro/ros/install/my_controller/lib/my_controller
[1.750s] Installing pose_sub script to /home/ninjaladro/ros/install/my_controller/lib/my_controller
[1.750s] Installing test_node script to /home/ninjaladro/ros/install/my_controller/lib/my_controller
[1.750s] writing list of installed files to '/home/ninjaladro/ros/build/my_controller/install.log'
[1.808s] Invoked command in '/home/ninjaladro/ros/src/my_controller' returned '0': PYTHONPATH=/home/ninjaladro/ros/install/my_controller/lib/python3.10/site-packages:${PYTHONPATH} /usr/bin/python3 setup.py egg_info --egg-base ../../build/my_controller build --build-base /home/ninjaladro/ros/build/my_controller/build install --prefix /home/ninjaladro/ros/install/my_controller --record /home/ninjaladro/ros/build/my_controller/install.log --single-version-externally-managed
