running egg_info
writing ../../build/my_controller/my_controller.egg-info/PKG-INFO
writing dependency_links to ../../build/my_controller/my_controller.egg-info/dependency_links.txt
writing entry points to ../../build/my_controller/my_controller.egg-info/entry_points.txt
writing requirements to ../../build/my_controller/my_controller.egg-info/requires.txt
writing top-level names to ../../build/my_controller/my_controller.egg-info/top_level.txt
reading manifest file '../../build/my_controller/my_controller.egg-info/SOURCES.txt'
writing manifest file '../../build/my_controller/my_controller.egg-info/SOURCES.txt'
running build
running build_py
copying my_controller/__init__.py -> /home/ninjaladro/ros/build/my_controller/build/lib/my_controller
copying my_controller/TestNode.py -> /home/ninjaladro/ros/build/my_controller/build/lib/my_controller
running install
running install_lib
creating /home/ninjaladro/ros/install/my_controller/lib/python3.10/site-packages/my_controller
copying /home/ninjaladro/ros/build/my_controller/build/lib/my_controller/__init__.py -> /home/ninjaladro/ros/install/my_controller/lib/python3.10/site-packages/my_controller
copying /home/ninjaladro/ros/build/my_controller/build/lib/my_controller/TestNode.py -> /home/ninjaladro/ros/install/my_controller/lib/python3.10/site-packages/my_controller
byte-compiling /home/ninjaladro/ros/install/my_controller/lib/python3.10/site-packages/my_controller/__init__.py to __init__.cpython-310.pyc
byte-compiling /home/ninjaladro/ros/install/my_controller/lib/python3.10/site-packages/my_controller/TestNode.py to TestNode.cpython-310.pyc
running install_data
creating /home/ninjaladro/ros/install/my_controller/share/ament_index
creating /home/ninjaladro/ros/install/my_controller/share/ament_index/resource_index
creating /home/ninjaladro/ros/install/my_controller/share/ament_index/resource_index/packages
copying resource/my_controller -> /home/ninjaladro/ros/install/my_controller/share/ament_index/resource_index/packages
copying package.xml -> /home/ninjaladro/ros/install/my_controller/share/my_controller
running install_egg_info
Copying ../../build/my_controller/my_controller.egg-info to /home/ninjaladro/ros/install/my_controller/lib/python3.10/site-packages/my_controller-0.0.0-py3.10.egg-info
running install_scripts
Installing test_node script to /home/ninjaladro/ros/install/my_controller/lib/my_controller
writing list of installed files to '/home/ninjaladro/ros/build/my_controller/install.log'
