[1.274s] Invoking command in '/home/ninjaladro/ros/src/my_controller': PYTHONPATH=/home/ninjaladro/ros/install/my_controller/lib/python3.10/site-packages:${PYTHONPATH} /usr/bin/python3 setup.py egg_info --egg-base ../../build/my_controller build --build-base /home/ninjaladro/ros/build/my_controller/build install --prefix /home/ninjaladro/ros/install/my_controller --record /home/ninjaladro/ros/build/my_controller/install.log --single-version-externally-managed
[1.712s] running egg_info
[1.713s] writing ../../build/my_controller/my_controller.egg-info/PKG-INFO
[1.714s] writing dependency_links to ../../build/my_controller/my_controller.egg-info/dependency_links.txt
[1.715s] writing entry points to ../../build/my_controller/my_controller.egg-info/entry_points.txt
[1.715s] writing requirements to ../../build/my_controller/my_controller.egg-info/requires.txt
[1.715s] writing top-level names to ../../build/my_controller/my_controller.egg-info/top_level.txt
[1.719s] reading manifest file '../../build/my_controller/my_controller.egg-info/SOURCES.txt'
[1.720s] writing manifest file '../../build/my_controller/my_controller.egg-info/SOURCES.txt'
[1.720s] running build
[1.722s] running build_py
[1.722s] copying my_controller/__init__.py -> /home/ninjaladro/ros/build/my_controller/build/lib/my_controller
[1.722s] copying my_controller/TestNode.py -> /home/ninjaladro/ros/build/my_controller/build/lib/my_controller
[1.722s] running install
[1.741s] /usr/lib/python3/dist-packages/setuptools/command/install.py:34: SetuptoolsDeprecationWarning: setup.py install is deprecated. Use build and pip and other standards-based tools.
[1.741s]   warnings.warn(
[1.742s] running install_lib
[1.743s] creating /home/ninjaladro/ros/install/my_controller/lib/python3.10/site-packages/my_controller
[1.744s] copying /home/ninjaladro/ros/build/my_controller/build/lib/my_controller/__init__.py -> /home/ninjaladro/ros/install/my_controller/lib/python3.10/site-packages/my_controller
[1.744s] copying /home/ninjaladro/ros/build/my_controller/build/lib/my_controller/TestNode.py -> /home/ninjaladro/ros/install/my_controller/lib/python3.10/site-packages/my_controller
[1.744s] byte-compiling /home/ninjaladro/ros/install/my_controller/lib/python3.10/site-packages/my_controller/__init__.py to __init__.cpython-310.pyc
[1.745s] byte-compiling /home/ninjaladro/ros/install/my_controller/lib/python3.10/site-packages/my_controller/TestNode.py to TestNode.cpython-310.pyc
[1.745s] running install_data
[1.747s] creating /home/ninjaladro/ros/install/my_controller/share/ament_index
[1.747s] creating /home/ninjaladro/ros/install/my_controller/share/ament_index/resource_index
[1.747s] creating /home/ninjaladro/ros/install/my_controller/share/ament_index/resource_index/packages
[1.747s] copying resource/my_controller -> /home/ninjaladro/ros/install/my_controller/share/ament_index/resource_index/packages
[1.748s] copying package.xml -> /home/ninjaladro/ros/install/my_controller/share/my_controller
[1.748s] running install_egg_info
[1.750s] Copying ../../build/my_controller/my_controller.egg-info to /home/ninjaladro/ros/install/my_controller/lib/python3.10/site-packages/my_controller-0.0.0-py3.10.egg-info
[1.751s] running install_scripts
[1.796s] Installing test_node script to /home/ninjaladro/ros/install/my_controller/lib/my_controller
[1.797s] writing list of installed files to '/home/ninjaladro/ros/build/my_controller/install.log'
[1.875s] Invoked command in '/home/ninjaladro/ros/src/my_controller' returned '0': PYTHONPATH=/home/ninjaladro/ros/install/my_controller/lib/python3.10/site-packages:${PYTHONPATH} /usr/bin/python3 setup.py egg_info --egg-base ../../build/my_controller build --build-base /home/ninjaladro/ros/build/my_controller/build install --prefix /home/ninjaladro/ros/install/my_controller --record /home/ninjaladro/ros/build/my_controller/install.log --single-version-externally-managed
