[0.701s] Invoking command in '/home/ninjaladro/ros/src/my_controller': PYTHONPATH=/home/ninjaladro/ros/install/my_controller/lib/python3.10/site-packages:${PYTHONPATH} /usr/bin/python3 setup.py egg_info --egg-base ../../build/my_controller build --build-base /home/ninjaladro/ros/build/my_controller/build install --prefix /home/ninjaladro/ros/install/my_controller --record /home/ninjaladro/ros/build/my_controller/install.log --single-version-externally-managed
[0.976s] running egg_info
[0.978s] writing ../../build/my_controller/my_controller.egg-info/PKG-INFO
[0.978s] writing dependency_links to ../../build/my_controller/my_controller.egg-info/dependency_links.txt
[0.978s] writing entry points to ../../build/my_controller/my_controller.egg-info/entry_points.txt
[0.978s] writing requirements to ../../build/my_controller/my_controller.egg-info/requires.txt
[0.980s] writing top-level names to ../../build/my_controller/my_controller.egg-info/top_level.txt
[0.983s] reading manifest file '../../build/my_controller/my_controller.egg-info/SOURCES.txt'
[0.985s] writing manifest file '../../build/my_controller/my_controller.egg-info/SOURCES.txt'
[0.985s] running build
[0.985s] running build_py
[0.985s] running install
[0.986s] /usr/lib/python3/dist-packages/setuptools/command/install.py:34: SetuptoolsDeprecationWarning: setup.py install is deprecated. Use build and pip and other standards-based tools.
[0.986s]   warnings.warn(
[0.986s] running install_lib
[0.988s] running install_data
[0.989s] running install_egg_info
[0.992s] removing '/home/ninjaladro/ros/install/my_controller/lib/python3.10/site-packages/my_controller-0.0.0-py3.10.egg-info' (and everything under it)
[0.992s] Copying ../../build/my_controller/my_controller.egg-info to /home/ninjaladro/ros/install/my_controller/lib/python3.10/site-packages/my_controller-0.0.0-py3.10.egg-info
[0.992s] running install_scripts
[1.026s] Installing drawCircle script to /home/ninjaladro/ros/install/my_controller/lib/my_controller
[1.026s] Installing pose_sub script to /home/ninjaladro/ros/install/my_controller/lib/my_controller
[1.027s] Installing test_node script to /home/ninjaladro/ros/install/my_controller/lib/my_controller
[1.027s] Installing turtle_controller script to /home/ninjaladro/ros/install/my_controller/lib/my_controller
[1.028s] writing list of installed files to '/home/ninjaladro/ros/build/my_controller/install.log'
[1.104s] Invoked command in '/home/ninjaladro/ros/src/my_controller' returned '0': PYTHONPATH=/home/ninjaladro/ros/install/my_controller/lib/python3.10/site-packages:${PYTHONPATH} /usr/bin/python3 setup.py egg_info --egg-base ../../build/my_controller build --build-base /home/ninjaladro/ros/build/my_controller/build install --prefix /home/ninjaladro/ros/install/my_controller --record /home/ninjaladro/ros/build/my_controller/install.log --single-version-externally-managed
