running develop
/usr/lib/python3/dist-packages/setuptools/command/easy_install.py:158: EasyInstallDeprecationWarning: easy_install command is deprecated. Use build and pip and other standards-based tools.
  warnings.warn(
/usr/lib/python3/dist-packages/setuptools/command/install.py:34: SetuptoolsDeprecationWarning: setup.py install is deprecated. Use build and pip and other standards-based tools.
  warnings.warn(
/usr/lib/python3/dist-packages/pkg_resources/__init__.py:116: PkgResourcesDeprecationWarning: 1.1build1 is an invalid version and will not be supported in a future release
  warnings.warn(
/usr/lib/python3/dist-packages/pkg_resources/__init__.py:116: PkgResourcesDeprecationWarning: 0.1.43ubuntu1 is an invalid version and will not be supported in a future release
  warnings.warn(
running egg_info
writing my_controller.egg-info/PKG-INFO
writing dependency_links to my_controller.egg-info/dependency_links.txt
writing entry points to my_controller.egg-info/entry_points.txt
writing requirements to my_controller.egg-info/requires.txt
writing top-level names to my_controller.egg-info/top_level.txt
reading manifest file 'my_controller.egg-info/SOURCES.txt'
writing manifest file 'my_controller.egg-info/SOURCES.txt'
running build_ext
Creating /home/ninjaladro/ros/install/my_controller/lib/python3.10/site-packages/my-controller.egg-link (link to .)
Installing drawCircle script to /home/ninjaladro/ros/install/my_controller/lib/my_controller
Installing pose_sub script to /home/ninjaladro/ros/install/my_controller/lib/my_controller
Installing test_node script to /home/ninjaladro/ros/install/my_controller/lib/my_controller
Installing turtle_controller script to /home/ninjaladro/ros/install/my_controller/lib/my_controller

Installed /home/ninjaladro/ros/build/my_controller
running install_data
