[1.207s] Invoking command in '/home/ninjaladro/ros/build/my_controller': PYTHONPATH=/home/ninjaladro/ros/install/my_controller/lib/python3.10/site-packages:${PYTHONPATH} /usr/bin/python3 setup.py develop --prefix /home/ninjaladro/ros/install/my_controller --editable --build-directory /home/ninjaladro/ros/build/my_controller/build --no-deps install_data --install-dir /home/ninjaladro/ros/install/my_controller
[1.700s] running develop
[1.701s] /usr/lib/python3/dist-packages/setuptools/command/easy_install.py:158: EasyInstallDeprecationWarning: easy_install command is deprecated. Use build and pip and other standards-based tools.
[1.701s]   warnings.warn(
[1.704s] /usr/lib/python3/dist-packages/setuptools/command/install.py:34: SetuptoolsDeprecationWarning: setup.py install is deprecated. Use build and pip and other standards-based tools.
[1.704s]   warnings.warn(
[1.800s] /usr/lib/python3/dist-packages/pkg_resources/__init__.py:116: PkgResourcesDeprecationWarning: 1.1build1 is an invalid version and will not be supported in a future release
[1.800s]   warnings.warn(
[1.801s] /usr/lib/python3/dist-packages/pkg_resources/__init__.py:116: PkgResourcesDeprecationWarning: 0.1.43ubuntu1 is an invalid version and will not be supported in a future release
[1.801s]   warnings.warn(
[2.001s] running egg_info
[2.001s] writing my_controller.egg-info/PKG-INFO
[2.002s] writing dependency_links to my_controller.egg-info/dependency_links.txt
[2.002s] writing entry points to my_controller.egg-info/entry_points.txt
[2.002s] writing requirements to my_controller.egg-info/requires.txt
[2.002s] writing top-level names to my_controller.egg-info/top_level.txt
[2.005s] reading manifest file 'my_controller.egg-info/SOURCES.txt'
[2.007s] writing manifest file 'my_controller.egg-info/SOURCES.txt'
[2.009s] running build_ext
[2.010s] Creating /home/ninjaladro/ros/install/my_controller/lib/python3.10/site-packages/my-controller.egg-link (link to .)
[2.011s] Installing drawCircle script to /home/ninjaladro/ros/install/my_controller/lib/my_controller
[2.011s] Installing pose_sub script to /home/ninjaladro/ros/install/my_controller/lib/my_controller
[2.011s] Installing test_node script to /home/ninjaladro/ros/install/my_controller/lib/my_controller
[2.012s] Installing turtle_controller script to /home/ninjaladro/ros/install/my_controller/lib/my_controller
[2.012s] 
[2.012s] Installed /home/ninjaladro/ros/build/my_controller
[2.012s] running install_data
[2.101s] Invoked command in '/home/ninjaladro/ros/build/my_controller' returned '0': PYTHONPATH=/home/ninjaladro/ros/install/my_controller/lib/python3.10/site-packages:${PYTHONPATH} /usr/bin/python3 setup.py develop --prefix /home/ninjaladro/ros/install/my_controller --editable --build-directory /home/ninjaladro/ros/build/my_controller/build --no-deps install_data --install-dir /home/ninjaladro/ros/install/my_controller
