[1.559s] DEBUG:colcon:Command line arguments: ['/usr/bin/colcon', 'list', '-p', '--base-paths', '/home/ninjaladro/ros']
[1.563s] DEBUG:colcon:Parsed command line arguments: Namespace(log_base=None, log_level=None, verb_name='list', build_base='build', ignore_user_meta=False, metas=['./colcon.meta'], base_paths=['/home/ninjaladro/ros'], packages_ignore=None, packages_ignore_regex=None, paths=None, packages_up_to=None, packages_up_to_regex=None, packages_above=None, packages_above_and_dependencies=None, packages_above_depth=None, packages_select_by_dep=None, packages_skip_by_dep=None, packages_skip_up_to=None, packages_select_build_failed=False, packages_skip_build_finished=False, packages_select_test_failures=False, packages_skip_test_passed=False, packages_select=None, packages_skip=None, packages_select_regex=None, packages_skip_regex=None, packages_start=None, packages_end=None, allow_overriding=[], topological_order=False, names_only=False, paths_only=True, topological_graph=False, topological_graph_dot=False, topological_graph_density=False, topological_graph_legend=False, topological_graph_dot_cluster=False, topological_graph_dot_include_skipped=False, verb_parser=<colcon_defaults.argument_parser.defaults.DefaultArgumentsDecorator object at 0x7f5ab079a800>, verb_extension=<colcon_package_information.verb.list.ListVerb object at 0x7f5ab09a1960>, main=<bound method ListVerb.main of <colcon_package_information.verb.list.ListVerb object at 0x7f5ab09a1960>>)
[1.756s] Level 1:colcon.colcon_core.package_discovery:discover_packages(colcon_meta) check parameters
[1.764s] Level 1:colcon.colcon_core.package_discovery:discover_packages(recursive) check parameters
[1.764s] Level 1:colcon.colcon_core.package_discovery:discover_packages(ignore) check parameters
[1.765s] Level 1:colcon.colcon_core.package_discovery:discover_packages(path) check parameters
[1.766s] Level 1:colcon.colcon_core.package_discovery:discover_packages(recursive) discover
[1.766s] INFO:colcon.colcon_core.package_discovery:Crawling recursively for packages in '/home/ninjaladro/ros'
[1.766s] Level 1:colcon.colcon_core.package_identification:_identify(/home/ninjaladro/ros) by extensions ['ignore', 'ignore_ament_install']
[1.766s] Level 1:colcon.colcon_core.package_identification:_identify(/home/ninjaladro/ros) by extension 'ignore'
[1.791s] Level 1:colcon.colcon_core.package_identification:_identify(/home/ninjaladro/ros) by extension 'ignore_ament_install'
[1.792s] Level 1:colcon.colcon_core.package_identification:_identify(/home/ninjaladro/ros) by extensions ['colcon_pkg']
[1.792s] Level 1:colcon.colcon_core.package_identification:_identify(/home/ninjaladro/ros) by extension 'colcon_pkg'
[1.792s] Level 1:colcon.colcon_core.package_identification:_identify(/home/ninjaladro/ros) by extensions ['colcon_meta']
[1.792s] Level 1:colcon.colcon_core.package_identification:_identify(/home/ninjaladro/ros) by extension 'colcon_meta'
[1.792s] Level 1:colcon.colcon_core.package_identification:_identify(/home/ninjaladro/ros) by extensions ['ros']
[1.792s] Level 1:colcon.colcon_core.package_identification:_identify(/home/ninjaladro/ros) by extension 'ros'
[1.868s] Level 1:colcon.colcon_core.package_identification:_identify(/home/ninjaladro/ros) by extensions ['cmake', 'python']
[1.868s] Level 1:colcon.colcon_core.package_identification:_identify(/home/ninjaladro/ros) by extension 'cmake'
[1.868s] Level 1:colcon.colcon_core.package_identification:_identify(/home/ninjaladro/ros) by extension 'python'
[1.868s] Level 1:colcon.colcon_core.package_identification:_identify(/home/ninjaladro/ros) by extensions ['python_setup_py']
[1.872s] Level 1:colcon.colcon_core.package_identification:_identify(/home/ninjaladro/ros) by extension 'python_setup_py'
[1.881s] Level 1:colcon.colcon_core.package_identification:_identify(/home/ninjaladro/ros/build) by extensions ['ignore', 'ignore_ament_install']
[1.881s] Level 1:colcon.colcon_core.package_identification:_identify(/home/ninjaladro/ros/build) by extension 'ignore'
[1.882s] Level 1:colcon.colcon_core.package_identification:_identify(/home/ninjaladro/ros/build) ignored
[1.882s] Level 1:colcon.colcon_core.package_identification:_identify(/home/ninjaladro/ros/install) by extensions ['ignore', 'ignore_ament_install']
[1.882s] Level 1:colcon.colcon_core.package_identification:_identify(/home/ninjaladro/ros/install) by extension 'ignore'
[1.882s] Level 1:colcon.colcon_core.package_identification:_identify(/home/ninjaladro/ros/install) ignored
[1.882s] Level 1:colcon.colcon_core.package_identification:_identify(/home/ninjaladro/ros/log) by extensions ['ignore', 'ignore_ament_install']
[1.882s] Level 1:colcon.colcon_core.package_identification:_identify(/home/ninjaladro/ros/log) by extension 'ignore'
[1.882s] Level 1:colcon.colcon_core.package_identification:_identify(/home/ninjaladro/ros/log) ignored
[1.882s] Level 1:colcon.colcon_core.package_identification:_identify(/home/ninjaladro/ros/src) by extensions ['ignore', 'ignore_ament_install']
[1.883s] Level 1:colcon.colcon_core.package_identification:_identify(/home/ninjaladro/ros/src) by extension 'ignore'
[1.883s] Level 1:colcon.colcon_core.package_identification:_identify(/home/ninjaladro/ros/src) by extension 'ignore_ament_install'
[1.883s] Level 1:colcon.colcon_core.package_identification:_identify(/home/ninjaladro/ros/src) by extensions ['colcon_pkg']
[1.883s] Level 1:colcon.colcon_core.package_identification:_identify(/home/ninjaladro/ros/src) by extension 'colcon_pkg'
[1.883s] Level 1:colcon.colcon_core.package_identification:_identify(/home/ninjaladro/ros/src) by extensions ['colcon_meta']
[1.883s] Level 1:colcon.colcon_core.package_identification:_identify(/home/ninjaladro/ros/src) by extension 'colcon_meta'
[1.883s] Level 1:colcon.colcon_core.package_identification:_identify(/home/ninjaladro/ros/src) by extensions ['ros']
[1.883s] Level 1:colcon.colcon_core.package_identification:_identify(/home/ninjaladro/ros/src) by extension 'ros'
[1.883s] Level 1:colcon.colcon_core.package_identification:_identify(/home/ninjaladro/ros/src) by extensions ['cmake', 'python']
[1.883s] Level 1:colcon.colcon_core.package_identification:_identify(/home/ninjaladro/ros/src) by extension 'cmake'
[1.883s] Level 1:colcon.colcon_core.package_identification:_identify(/home/ninjaladro/ros/src) by extension 'python'
[1.883s] Level 1:colcon.colcon_core.package_identification:_identify(/home/ninjaladro/ros/src) by extensions ['python_setup_py']
[1.883s] Level 1:colcon.colcon_core.package_identification:_identify(/home/ninjaladro/ros/src) by extension 'python_setup_py'
[1.884s] Level 1:colcon.colcon_core.package_identification:_identify(/home/ninjaladro/ros/src/my_controller) by extensions ['ignore', 'ignore_ament_install']
[1.884s] Level 1:colcon.colcon_core.package_identification:_identify(/home/ninjaladro/ros/src/my_controller) by extension 'ignore'
[1.884s] Level 1:colcon.colcon_core.package_identification:_identify(/home/ninjaladro/ros/src/my_controller) by extension 'ignore_ament_install'
[1.884s] Level 1:colcon.colcon_core.package_identification:_identify(/home/ninjaladro/ros/src/my_controller) by extensions ['colcon_pkg']
[1.884s] Level 1:colcon.colcon_core.package_identification:_identify(/home/ninjaladro/ros/src/my_controller) by extension 'colcon_pkg'
[1.884s] Level 1:colcon.colcon_core.package_identification:_identify(/home/ninjaladro/ros/src/my_controller) by extensions ['colcon_meta']
[1.884s] Level 1:colcon.colcon_core.package_identification:_identify(/home/ninjaladro/ros/src/my_controller) by extension 'colcon_meta'
[1.884s] Level 1:colcon.colcon_core.package_identification:_identify(/home/ninjaladro/ros/src/my_controller) by extensions ['ros']
[1.884s] Level 1:colcon.colcon_core.package_identification:_identify(/home/ninjaladro/ros/src/my_controller) by extension 'ros'
[1.897s] DEBUG:colcon.colcon_core.package_identification:Package '/home/ninjaladro/ros/src/my_controller' with type 'ros.ament_python' and name 'my_controller'
[1.898s] Level 1:colcon.colcon_core.package_discovery:discover_packages(recursive) using defaults
