running egg_info
writing ../../build/my_controller/my_controller.egg-info/PKG-INFO
writing dependency_links to ../../build/my_controller/my_controller.egg-info/dependency_links.txt
writing entry points to ../../build/my_controller/my_controller.egg-info/entry_points.txt
writing requirements to ../../build/my_controller/my_controller.egg-info/requires.txt
writing top-level names to ../../build/my_controller/my_controller.egg-info/top_level.txt
reading manifest file '../../build/my_controller/my_controller.egg-info/SOURCES.txt'
writing manifest file '../../build/my_controller/my_controller.egg-info/SOURCES.txt'
running build
running build_py
copying my_controller/turtle_controller.py -> /home/ninjaladro/ros/build/my_controller/build/lib/my_controller
running install
running install_lib
copying /home/ninjaladro/ros/build/my_controller/build/lib/my_controller/turtle_controller.py -> /home/ninjaladro/ros/install/my_controller/lib/python3.10/site-packages/my_controller
byte-compiling /home/ninjaladro/ros/install/my_controller/lib/python3.10/site-packages/my_controller/turtle_controller.py to turtle_controller.cpython-310.pyc
running install_data
running install_egg_info
removing '/home/ninjaladro/ros/install/my_controller/lib/python3.10/site-packages/my_controller-0.0.0-py3.10.egg-info' (and everything under it)
Copying ../../build/my_controller/my_controller.egg-info to /home/ninjaladro/ros/install/my_controller/lib/python3.10/site-packages/my_controller-0.0.0-py3.10.egg-info
running install_scripts
Installing drawCircle script to /home/ninjaladro/ros/install/my_controller/lib/my_controller
Installing pose_sub script to /home/ninjaladro/ros/install/my_controller/lib/my_controller
Installing test_node script to /home/ninjaladro/ros/install/my_controller/lib/my_controller
Installing turtle_controller script to /home/ninjaladro/ros/install/my_controller/lib/my_controller
writing list of installed files to '/home/ninjaladro/ros/build/my_controller/install.log'
