[0.762s] Invoking command in '/home/ninjaladro/ros/src/my_controller': PYTHONPATH=/home/ninjaladro/ros/install/my_controller/lib/python3.10/site-packages:${PYTHONPATH} /usr/bin/python3 setup.py egg_info --egg-base ../../build/my_controller build --build-base /home/ninjaladro/ros/build/my_controller/build install --prefix /home/ninjaladro/ros/install/my_controller --record /home/ninjaladro/ros/build/my_controller/install.log --single-version-externally-managed
[1.026s] running egg_info
[1.027s] writing ../../build/my_controller/my_controller.egg-info/PKG-INFO
[1.028s] writing dependency_links to ../../build/my_controller/my_controller.egg-info/dependency_links.txt
[1.028s] writing entry points to ../../build/my_controller/my_controller.egg-info/entry_points.txt
[1.028s] writing requirements to ../../build/my_controller/my_controller.egg-info/requires.txt
[1.028s] writing top-level names to ../../build/my_controller/my_controller.egg-info/top_level.txt
[1.031s] reading manifest file '../../build/my_controller/my_controller.egg-info/SOURCES.txt'
[1.033s] writing manifest file '../../build/my_controller/my_controller.egg-info/SOURCES.txt'
[1.033s] running build
[1.033s] running build_py
[1.033s] copying my_controller/turtle_controller.py -> /home/ninjaladro/ros/build/my_controller/build/lib/my_controller
[1.033s] running install
[1.034s] /usr/lib/python3/dist-packages/setuptools/command/install.py:34: SetuptoolsDeprecationWarning: setup.py install is deprecated. Use build and pip and other standards-based tools.
[1.034s]   warnings.warn(
[1.034s] running install_lib
[1.035s] copying /home/ninjaladro/ros/build/my_controller/build/lib/my_controller/turtle_controller.py -> /home/ninjaladro/ros/install/my_controller/lib/python3.10/site-packages/my_controller
[1.036s] byte-compiling /home/ninjaladro/ros/install/my_controller/lib/python3.10/site-packages/my_controller/turtle_controller.py to turtle_controller.cpython-310.pyc
[1.036s] running install_data
[1.037s] running install_egg_info
[1.040s] removing '/home/ninjaladro/ros/install/my_controller/lib/python3.10/site-packages/my_controller-0.0.0-py3.10.egg-info' (and everything under it)
[1.040s] Copying ../../build/my_controller/my_controller.egg-info to /home/ninjaladro/ros/install/my_controller/lib/python3.10/site-packages/my_controller-0.0.0-py3.10.egg-info
[1.054s] running install_scripts
[1.072s] Installing drawCircle script to /home/ninjaladro/ros/install/my_controller/lib/my_controller
[1.072s] Installing pose_sub script to /home/ninjaladro/ros/install/my_controller/lib/my_controller
[1.072s] Installing test_node script to /home/ninjaladro/ros/install/my_controller/lib/my_controller
[1.072s] Installing turtle_controller script to /home/ninjaladro/ros/install/my_controller/lib/my_controller
[1.073s] writing list of installed files to '/home/ninjaladro/ros/build/my_controller/install.log'
[1.160s] Invoked command in '/home/ninjaladro/ros/src/my_controller' returned '0': PYTHONPATH=/home/ninjaladro/ros/install/my_controller/lib/python3.10/site-packages:${PYTHONPATH} /usr/bin/python3 setup.py egg_info --egg-base ../../build/my_controller build --build-base /home/ninjaladro/ros/build/my_controller/build install --prefix /home/ninjaladro/ros/install/my_controller --record /home/ninjaladro/ros/build/my_controller/install.log --single-version-externally-managed
