[1.290s] Invoking command in '/home/ninjaladro/ros/build/my_controller': PYTHONPATH=/home/ninjaladro/ros/install/my_controller/lib/python3.10/site-packages:${PYTHONPATH} /usr/bin/python3 setup.py develop --prefix /home/ninjaladro/ros/install/my_controller --editable --build-directory /home/ninjaladro/ros/build/my_controller/build --no-deps install_data --install-dir /home/ninjaladro/ros/install/my_controller
[1.780s] running develop
[1.780s] /usr/lib/python3/dist-packages/setuptools/command/easy_install.py:158: EasyInstallDeprecationWarning: easy_install command is deprecated. Use build and pip and other standards-based tools.
[1.780s]   warnings.warn(
[1.783s] /usr/lib/python3/dist-packages/setuptools/command/install.py:34: SetuptoolsDeprecationWarning: setup.py install is deprecated. Use build and pip and other standards-based tools.
[1.783s]   warnings.warn(
[1.885s] /usr/lib/python3/dist-packages/pkg_resources/__init__.py:116: PkgResourcesDeprecationWarning: 1.1build1 is an invalid version and will not be supported in a future release
[1.885s]   warnings.warn(
[1.885s] /usr/lib/python3/dist-packages/pkg_resources/__init__.py:116: PkgResourcesDeprecationWarning: 0.1.43ubuntu1 is an invalid version and will not be supported in a future release
[1.885s]   warnings.warn(
[2.077s] running egg_info
[2.078s] writing my_controller.egg-info/PKG-INFO
[2.078s] writing dependency_links to my_controller.egg-info/dependency_links.txt
[2.079s] writing entry points to my_controller.egg-info/entry_points.txt
[2.079s] writing requirements to my_controller.egg-info/requires.txt
[2.079s] writing top-level names to my_controller.egg-info/top_level.txt
[2.082s] reading manifest file 'my_controller.egg-info/SOURCES.txt'
[2.084s] writing manifest file 'my_controller.egg-info/SOURCES.txt'
[2.086s] running build_ext
[2.087s] Creating /home/ninjaladro/ros/install/my_controller/lib/python3.10/site-packages/my-controller.egg-link (link to .)
[2.088s] Installing drawCircle script to /home/ninjaladro/ros/install/my_controller/lib/my_controller
[2.088s] Installing pose_sub script to /home/ninjaladro/ros/install/my_controller/lib/my_controller
[2.088s] Installing test_node script to /home/ninjaladro/ros/install/my_controller/lib/my_controller
[2.089s] Installing turtle_controller script to /home/ninjaladro/ros/install/my_controller/lib/my_controller
[2.089s] 
[2.089s] Installed /home/ninjaladro/ros/build/my_controller
[2.089s] running install_data
[2.173s] Invoked command in '/home/ninjaladro/ros/build/my_controller' returned '0': PYTHONPATH=/home/ninjaladro/ros/install/my_controller/lib/python3.10/site-packages:${PYTHONPATH} /usr/bin/python3 setup.py develop --prefix /home/ninjaladro/ros/install/my_controller --editable --build-directory /home/ninjaladro/ros/build/my_controller/build --no-deps install_data --install-dir /home/ninjaladro/ros/install/my_controller
